<testsuites id="" name="" tests="24" failures="21" skipped="0" errors="0" time="227.464545">
<testsuite name="i18n-benchmark.spec.ts" timestamp="2025-09-14T23:37:58.616Z" hostname="chromium-performance" tests="8" failures="5" skipped="0" time="177.183" errors="0">
<testcase name="I18n Performance Benchmarks › Hardcoded Strings Baseline Performance" classname="i18n-benchmark.spec.ts" time="0.652">
<system-err>
<![CDATA[
Warning: attachment i18n-benchmark-results/i18n-benchmark-I18n-Perfor-a746e-trings-Baseline-Performance-chromium-performance/trace.zip is missing]]>
</system-err>
</testcase>
<testcase name="I18n Performance Benchmarks › Dynamic I18n Loading Performance" classname="i18n-benchmark.spec.ts" time="0.602">
<system-err>
<![CDATA[
Warning: attachment i18n-benchmark-results/i18n-benchmark-I18n-Perfor-1d9a4-ic-I18n-Loading-Performance-chromium-performance/trace.zip is missing]]>
</system-err>
</testcase>
<testcase name="I18n Performance Benchmarks › Language Switching Performance" classname="i18n-benchmark.spec.ts" time="31.897">
<failure message="i18n-benchmark.spec.ts:230:3 Language Switching Performance" type="FAILURE">
<![CDATA[  [chromium-performance] › i18n-benchmark.spec.ts:230:3 › I18n Performance Benchmarks › Language Switching Performance 

    TimeoutError: page.click: Timeout 30000ms exceeded.
    Call log:
      - waiting for locator('[data-testid="language-selector"]')


      236 |       
      237 |       // Switch language
    > 238 |       await page.click(`[data-testid="language-selector"]`);
          |                  ^
      239 |       await page.click(`[data-testid="language-${language}"]`);
      240 |       
      241 |       // Wait for translations to load
        at /home/kade/runeset/reynard/e2e/i18n-benchmark.spec.ts:238:18

    ReferenceError: require is not defined

      445 |     
      446 |     // Save report to file
    > 447 |     const fs = require('fs');
          |                ^
      448 |     const path = require('path');
      449 |     const reportPath = path.join(__dirname, 'i18n-benchmark-results.md');
      450 |     fs.writeFileSync(reportPath, report);
        at /home/kade/runeset/reynard/e2e/i18n-benchmark.spec.ts:447:16

    attachment #1: screenshot (image/png) ──────────────────────────────────────────────────────────
    i18n-benchmark-results/i18n-benchmark-I18n-Perfor-58c3e-guage-Switching-Performance-chromium-performance/test-failed-1.png
    ────────────────────────────────────────────────────────────────────────────────────────────────

    attachment #2: video (video/webm) ──────────────────────────────────────────────────────────────
    i18n-benchmark-results/i18n-benchmark-I18n-Perfor-58c3e-guage-Switching-Performance-chromium-performance/video.webm
    ────────────────────────────────────────────────────────────────────────────────────────────────

    Error Context: i18n-benchmark-results/i18n-benchmark-I18n-Perfor-58c3e-guage-Switching-Performance-chromium-performance/error-context.md

    attachment #4: trace (application/zip) ─────────────────────────────────────────────────────────
    i18n-benchmark-results/i18n-benchmark-I18n-Perfor-58c3e-guage-Switching-Performance-chromium-performance/trace.zip
    Usage:

        pnpm exec playwright show-trace i18n-benchmark-results/i18n-benchmark-I18n-Perfor-58c3e-guage-Switching-Performance-chromium-performance/trace.zip

    ────────────────────────────────────────────────────────────────────────────────────────────────
]]>
</failure>
<system-out>
<![CDATA[
# I18n Benchmark Results

]]>
</system-out>
<system-err>
<![CDATA[
Warning: attachment i18n-benchmark-results/i18n-benchmark-I18n-Perfor-58c3e-guage-Switching-Performance-chromium-performance/test-failed-1.png is missing
Warning: attachment i18n-benchmark-results/i18n-benchmark-I18n-Perfor-58c3e-guage-Switching-Performance-chromium-performance/video.webm is missing
Warning: attachment i18n-benchmark-results/i18n-benchmark-I18n-Perfor-58c3e-guage-Switching-Performance-chromium-performance/error-context.md is missing
Warning: attachment i18n-benchmark-results/i18n-benchmark-I18n-Perfor-58c3e-guage-Switching-Performance-chromium-performance/trace.zip is missing]]>
</system-err>
</testcase>
<testcase name="I18n Performance Benchmarks › Cached vs Uncached I18n Performance" classname="i18n-benchmark.spec.ts" time="32.153">
<failure message="i18n-benchmark.spec.ts:258:3 Cached vs Uncached I18n Performance" type="FAILURE">
<![CDATA[  [chromium-performance] › i18n-benchmark.spec.ts:258:3 › I18n Performance Benchmarks › Cached vs Uncached I18n Performance 

    TimeoutError: page.waitForSelector: Timeout 30000ms exceeded.
    Call log:
      - waiting for locator('[data-testid="translated-content"]') to be visible


      266 |       async () => {
      267 |         await page.reload();
    > 268 |         await page.waitForSelector('[data-testid="translated-content"]');
          |                    ^
      269 |       }
      270 |     );
      271 |     
        at /home/kade/runeset/reynard/e2e/i18n-benchmark.spec.ts:268:20
        at I18nBenchmarkRunner.runBenchmark (/home/kade/runeset/reynard/e2e/i18n-benchmark.spec.ts:58:7)
        at /home/kade/runeset/reynard/e2e/i18n-benchmark.spec.ts:262:28

    ReferenceError: require is not defined

      445 |     
      446 |     // Save report to file
    > 447 |     const fs = require('fs');
          |                ^
      448 |     const path = require('path');
      449 |     const reportPath = path.join(__dirname, 'i18n-benchmark-results.md');
      450 |     fs.writeFileSync(reportPath, report);
        at /home/kade/runeset/reynard/e2e/i18n-benchmark.spec.ts:447:16

    attachment #1: screenshot (image/png) ──────────────────────────────────────────────────────────
    i18n-benchmark-results/i18n-benchmark-I18n-Perfor-3e222-s-Uncached-I18n-Performance-chromium-performance/test-failed-1.png
    ────────────────────────────────────────────────────────────────────────────────────────────────

    attachment #2: video (video/webm) ──────────────────────────────────────────────────────────────
    i18n-benchmark-results/i18n-benchmark-I18n-Perfor-3e222-s-Uncached-I18n-Performance-chromium-performance/video.webm
    ────────────────────────────────────────────────────────────────────────────────────────────────

    Error Context: i18n-benchmark-results/i18n-benchmark-I18n-Perfor-3e222-s-Uncached-I18n-Performance-chromium-performance/error-context.md

    attachment #4: trace (application/zip) ─────────────────────────────────────────────────────────
    i18n-benchmark-results/i18n-benchmark-I18n-Perfor-3e222-s-Uncached-I18n-Performance-chromium-performance/trace.zip
    Usage:

        pnpm exec playwright show-trace i18n-benchmark-results/i18n-benchmark-I18n-Perfor-3e222-s-Uncached-I18n-Performance-chromium-performance/trace.zip

    ────────────────────────────────────────────────────────────────────────────────────────────────
]]>
</failure>
<system-out>
<![CDATA[
# I18n Benchmark Results

]]>
</system-out>
<system-err>
<![CDATA[
Warning: attachment i18n-benchmark-results/i18n-benchmark-I18n-Perfor-3e222-s-Uncached-I18n-Performance-chromium-performance/test-failed-1.png is missing
Warning: attachment i18n-benchmark-results/i18n-benchmark-I18n-Perfor-3e222-s-Uncached-I18n-Performance-chromium-performance/video.webm is missing
Warning: attachment i18n-benchmark-results/i18n-benchmark-I18n-Perfor-3e222-s-Uncached-I18n-Performance-chromium-performance/error-context.md is missing
Warning: attachment i18n-benchmark-results/i18n-benchmark-I18n-Perfor-3e222-s-Uncached-I18n-Performance-chromium-performance/trace.zip is missing]]>
</system-err>
</testcase>
<testcase name="I18n Performance Benchmarks › Memory Usage Comparison" classname="i18n-benchmark.spec.ts" time="47.24">
<failure message="i18n-benchmark.spec.ts:289:3 Memory Usage Comparison" type="FAILURE">
<![CDATA[  [chromium-performance] › i18n-benchmark.spec.ts:289:3 › I18n Performance Benchmarks › Memory Usage Comparison 

    TimeoutError: page.click: Timeout 30000ms exceeded.
    Call log:
      - waiting for locator('[data-testid="language-selector"]')


      315 |           // Load multiple languages
      316 |           for (const lang of ['en', 'ja', 'fr']) {
    > 317 |             await page.click(`[data-testid="language-selector"]`);
          |                        ^
      318 |             await page.click(`[data-testid="language-${lang}"]`);
      319 |             await page.waitForTimeout(100);
      320 |           }
        at testFn (/home/kade/runeset/reynard/e2e/i18n-benchmark.spec.ts:317:24)
        at I18nBenchmarkRunner.runBenchmark (/home/kade/runeset/reynard/e2e/i18n-benchmark.spec.ts:58:7)
        at /home/kade/runeset/reynard/e2e/i18n-benchmark.spec.ts:327:22

    ReferenceError: require is not defined

      445 |     
      446 |     // Save report to file
    > 447 |     const fs = require('fs');
          |                ^
      448 |     const path = require('path');
      449 |     const reportPath = path.join(__dirname, 'i18n-benchmark-results.md');
      450 |     fs.writeFileSync(reportPath, report);
        at /home/kade/runeset/reynard/e2e/i18n-benchmark.spec.ts:447:16

    attachment #1: screenshot (image/png) ──────────────────────────────────────────────────────────
    i18n-benchmark-results/i18n-benchmark-I18n-Perfor-b4959-rks-Memory-Usage-Comparison-chromium-performance/test-failed-1.png
    ────────────────────────────────────────────────────────────────────────────────────────────────

    attachment #2: video (video/webm) ──────────────────────────────────────────────────────────────
    i18n-benchmark-results/i18n-benchmark-I18n-Perfor-b4959-rks-Memory-Usage-Comparison-chromium-performance/video.webm
    ────────────────────────────────────────────────────────────────────────────────────────────────

    Error Context: i18n-benchmark-results/i18n-benchmark-I18n-Perfor-b4959-rks-Memory-Usage-Comparison-chromium-performance/error-context.md

    attachment #4: trace (application/zip) ─────────────────────────────────────────────────────────
    i18n-benchmark-results/i18n-benchmark-I18n-Perfor-b4959-rks-Memory-Usage-Comparison-chromium-performance/trace.zip
    Usage:

        pnpm exec playwright show-trace i18n-benchmark-results/i18n-benchmark-I18n-Perfor-b4959-rks-Memory-Usage-Comparison-chromium-performance/trace.zip

    ────────────────────────────────────────────────────────────────────────────────────────────────
]]>
</failure>
<system-out>
<![CDATA[Hardcoded Strings Memory Usage: 8.94MB
Single Language I18n Memory Usage: 7.17MB

# I18n Benchmark Results

## Hardcoded Strings - baseline
- Load Time: 5657.82ms
- Render Time: 0.00ms
- Memory Usage: 8.94MB
- Language Switch Time: N/Ams
- Timestamp: 2025-09-14T23:39:16.823Z


## Single Language I18n - single-lang
- Load Time: 5970.78ms
- Render Time: 0.00ms
- Memory Usage: 7.17MB
- Language Switch Time: N/Ams
- Timestamp: 2025-09-14T23:39:24.477Z

]]>
</system-out>
<system-err>
<![CDATA[
Warning: attachment i18n-benchmark-results/i18n-benchmark-I18n-Perfor-b4959-rks-Memory-Usage-Comparison-chromium-performance/test-failed-1.png is missing
Warning: attachment i18n-benchmark-results/i18n-benchmark-I18n-Perfor-b4959-rks-Memory-Usage-Comparison-chromium-performance/video.webm is missing
Warning: attachment i18n-benchmark-results/i18n-benchmark-I18n-Perfor-b4959-rks-Memory-Usage-Comparison-chromium-performance/error-context.md is missing
Warning: attachment i18n-benchmark-results/i18n-benchmark-I18n-Perfor-b4959-rks-Memory-Usage-Comparison-chromium-performance/trace.zip is missing]]>
</system-err>
</testcase>
<testcase name="I18n Performance Benchmarks › Bundle Size Impact Analysis" classname="i18n-benchmark.spec.ts" time="0.611">
<system-out>
<![CDATA[Bundle Analysis: [
  {
    name: [32m'http://localhost:3000/node_modules/.vite/deps/solid-js_web.js?v=02409738'[39m,
    size: [33m10411[39m,
    duration: [33m4.100000023841858[39m
  },
  {
    name: [32m'http://localhost:3000/@fs/home/kade/runeset/reynard/packages/themes/dist/index.js'[39m,
    size: [33m435772[39m,
    duration: [33m18.299999982118607[39m
  },
  {
    name: [32m'http://localhost:3000/src/styles.css'[39m,
    size: [33m18417[39m,
    duration: [33m17.400000005960464[39m
  },
  {
    name: [32m'http://localhost:3000/node_modules/.vite/deps/chunk-SR6W7FD5.js?v=02409738'[39m,
    size: [33m32324[39m,
    duration: [33m9.599999994039536[39m
  },
  {
    name: [32m'http://localhost:3000/node_modules/.vite/deps/chunk-ZRV3NALM.js?v=02409738'[39m,
    size: [33m54292[39m,
    duration: [33m36.89999997615814[39m
  },
  {
    name: [32m'http://localhost:3000/node_modules/.vite/deps/solid-js.js?v=02409738'[39m,
    size: [33m7594[39m,
    duration: [33m13.899999976158142[39m
  },
  {
    name: [32m'http://localhost:3000/src/App.css'[39m,
    size: [33m6113[39m,
    duration: [33m40.70000001788139[39m
  }
]
Total i18n bundle size: 0.00KB
]]>
</system-out>
<system-err>
<![CDATA[
Warning: attachment i18n-benchmark-results/i18n-benchmark-I18n-Perfor-a7311-Bundle-Size-Impact-Analysis-chromium-performance/trace.zip is missing]]>
</system-err>
</testcase>
<testcase name="I18n Performance Benchmarks › RTL Language Performance" classname="i18n-benchmark.spec.ts" time="32.05">
<failure message="i18n-benchmark.spec.ts:368:3 RTL Language Performance" type="FAILURE">
<![CDATA[  [chromium-performance] › i18n-benchmark.spec.ts:368:3 › I18n Performance Benchmarks › RTL Language Performance 

    TimeoutError: page.click: Timeout 30000ms exceeded.
    Call log:
      - waiting for locator('[data-testid="language-selector"]')


      375 |       
      376 |       // Switch to RTL language
    > 377 |       await page.click(`[data-testid="language-selector"]`);
          |                  ^
      378 |       await page.click(`[data-testid="language-${language}"]`);
      379 |       
      380 |       // Wait for RTL layout to apply
        at /home/kade/runeset/reynard/e2e/i18n-benchmark.spec.ts:377:18

    ReferenceError: require is not defined

      445 |     
      446 |     // Save report to file
    > 447 |     const fs = require('fs');
          |                ^
      448 |     const path = require('path');
      449 |     const reportPath = path.join(__dirname, 'i18n-benchmark-results.md');
      450 |     fs.writeFileSync(reportPath, report);
        at /home/kade/runeset/reynard/e2e/i18n-benchmark.spec.ts:447:16

    attachment #1: screenshot (image/png) ──────────────────────────────────────────────────────────
    i18n-benchmark-results/i18n-benchmark-I18n-Perfor-86ab2-ks-RTL-Language-Performance-chromium-performance/test-failed-1.png
    ────────────────────────────────────────────────────────────────────────────────────────────────

    attachment #2: video (video/webm) ──────────────────────────────────────────────────────────────
    i18n-benchmark-results/i18n-benchmark-I18n-Perfor-86ab2-ks-RTL-Language-Performance-chromium-performance/video.webm
    ────────────────────────────────────────────────────────────────────────────────────────────────

    Error Context: i18n-benchmark-results/i18n-benchmark-I18n-Perfor-86ab2-ks-RTL-Language-Performance-chromium-performance/error-context.md

    attachment #4: trace (application/zip) ─────────────────────────────────────────────────────────
    i18n-benchmark-results/i18n-benchmark-I18n-Perfor-86ab2-ks-RTL-Language-Performance-chromium-performance/trace.zip
    Usage:

        pnpm exec playwright show-trace i18n-benchmark-results/i18n-benchmark-I18n-Perfor-86ab2-ks-RTL-Language-Performance-chromium-performance/trace.zip

    ────────────────────────────────────────────────────────────────────────────────────────────────
]]>
</failure>
<system-out>
<![CDATA[
# I18n Benchmark Results

]]>
</system-out>
<system-err>
<![CDATA[
Warning: attachment i18n-benchmark-results/i18n-benchmark-I18n-Perfor-86ab2-ks-RTL-Language-Performance-chromium-performance/test-failed-1.png is missing
Warning: attachment i18n-benchmark-results/i18n-benchmark-I18n-Perfor-86ab2-ks-RTL-Language-Performance-chromium-performance/video.webm is missing
Warning: attachment i18n-benchmark-results/i18n-benchmark-I18n-Perfor-86ab2-ks-RTL-Language-Performance-chromium-performance/error-context.md is missing
Warning: attachment i18n-benchmark-results/i18n-benchmark-I18n-Perfor-86ab2-ks-RTL-Language-Performance-chromium-performance/trace.zip is missing]]>
</system-err>
</testcase>
<testcase name="I18n Performance Benchmarks › Pluralization Performance" classname="i18n-benchmark.spec.ts" time="31.978">
<failure message="i18n-benchmark.spec.ts:397:3 Pluralization Performance" type="FAILURE">
<![CDATA[  [chromium-performance] › i18n-benchmark.spec.ts:397:3 › I18n Performance Benchmarks › Pluralization Performance 

    TimeoutError: page.click: Timeout 30000ms exceeded.
    Call log:
      - waiting for locator('[data-testid="language-selector"]')


      416 |       
      417 |       // Switch to test language
    > 418 |       await page.click(`[data-testid="language-selector"]`);
          |                  ^
      419 |       await page.click(`[data-testid="language-${test.lang}"]`);
      420 |       
      421 |       // Test pluralization
        at /home/kade/runeset/reynard/e2e/i18n-benchmark.spec.ts:418:18

    ReferenceError: require is not defined

      445 |     
      446 |     // Save report to file
    > 447 |     const fs = require('fs');
          |                ^
      448 |     const path = require('path');
      449 |     const reportPath = path.join(__dirname, 'i18n-benchmark-results.md');
      450 |     fs.writeFileSync(reportPath, report);
        at /home/kade/runeset/reynard/e2e/i18n-benchmark.spec.ts:447:16

    attachment #1: screenshot (image/png) ──────────────────────────────────────────────────────────
    i18n-benchmark-results/i18n-benchmark-I18n-Perfor-84660-s-Pluralization-Performance-chromium-performance/test-failed-1.png
    ────────────────────────────────────────────────────────────────────────────────────────────────

    attachment #2: video (video/webm) ──────────────────────────────────────────────────────────────
    i18n-benchmark-results/i18n-benchmark-I18n-Perfor-84660-s-Pluralization-Performance-chromium-performance/video.webm
    ────────────────────────────────────────────────────────────────────────────────────────────────

    Error Context: i18n-benchmark-results/i18n-benchmark-I18n-Perfor-84660-s-Pluralization-Performance-chromium-performance/error-context.md

    attachment #4: trace (application/zip) ─────────────────────────────────────────────────────────
    i18n-benchmark-results/i18n-benchmark-I18n-Perfor-84660-s-Pluralization-Performance-chromium-performance/trace.zip
    Usage:

        pnpm exec playwright show-trace i18n-benchmark-results/i18n-benchmark-I18n-Perfor-84660-s-Pluralization-Performance-chromium-performance/trace.zip

    ────────────────────────────────────────────────────────────────────────────────────────────────
]]>
</failure>
<system-out>
<![CDATA[
# I18n Benchmark Results

]]>
</system-out>
<system-err>
<![CDATA[
Warning: attachment i18n-benchmark-results/i18n-benchmark-I18n-Perfor-84660-s-Pluralization-Performance-chromium-performance/test-failed-1.png is missing
Warning: attachment i18n-benchmark-results/i18n-benchmark-I18n-Perfor-84660-s-Pluralization-Performance-chromium-performance/video.webm is missing
Warning: attachment i18n-benchmark-results/i18n-benchmark-I18n-Perfor-84660-s-Pluralization-Performance-chromium-performance/error-context.md is missing
Warning: attachment i18n-benchmark-results/i18n-benchmark-I18n-Perfor-84660-s-Pluralization-Performance-chromium-performance/trace.zip is missing]]>
</system-err>
</testcase>
</testsuite>
<testsuite name="i18n-benchmark.spec.ts" timestamp="2025-09-14T23:37:58.616Z" hostname="firefox-performance" tests="8" failures="8" skipped="0" time="0.024" errors="0">
<testcase name="I18n Performance Benchmarks › Hardcoded Strings Baseline Performance" classname="i18n-benchmark.spec.ts" time="0.005">
<failure message="i18n-benchmark.spec.ts:153:3 Hardcoded Strings Baseline Performance" type="FAILURE">
<![CDATA[  [firefox-performance] › i18n-benchmark.spec.ts:153:3 › I18n Performance Benchmarks › Hardcoded Strings Baseline Performance 

    Error: browserType.launch: Executable doesn't exist at /home/kade/.cache/ms-playwright/firefox-1490/firefox/firefox
    ╔═════════════════════════════════════════════════════════════════════════╗
    ║ Looks like Playwright Test or Playwright was just installed or updated. ║
    ║ Please run the following command to download new browsers:              ║
    ║                                                                         ║
    ║     pnpm exec playwright install                                        ║
    ║                                                                         ║
    ║ <3 Playwright Team                                                      ║
    ╚═════════════════════════════════════════════════════════════════════════╝

    TypeError: Cannot read properties of undefined (reading 'generateReport')

      441 |   test.afterAll(async () => {
      442 |     // Generate and save benchmark report
    > 443 |     const report = benchmarkRunner.generateReport();
          |                                    ^
      444 |     console.log('\n' + report);
      445 |     
      446 |     // Save report to file
        at /home/kade/runeset/reynard/e2e/i18n-benchmark.spec.ts:443:36

    attachment #1: trace (application/zip) ─────────────────────────────────────────────────────────
    i18n-benchmark-results/i18n-benchmark-I18n-Perfor-a746e-trings-Baseline-Performance-firefox-performance/trace.zip
    Usage:

        pnpm exec playwright show-trace i18n-benchmark-results/i18n-benchmark-I18n-Perfor-a746e-trings-Baseline-Performance-firefox-performance/trace.zip

    ────────────────────────────────────────────────────────────────────────────────────────────────
]]>
</failure>
<system-err>
<![CDATA[
Warning: attachment i18n-benchmark-results/i18n-benchmark-I18n-Perfor-a746e-trings-Baseline-Performance-firefox-performance/trace.zip is missing]]>
</system-err>
</testcase>
<testcase name="I18n Performance Benchmarks › Dynamic I18n Loading Performance" classname="i18n-benchmark.spec.ts" time="0.002">
<failure message="i18n-benchmark.spec.ts:185:3 Dynamic I18n Loading Performance" type="FAILURE">
<![CDATA[  [firefox-performance] › i18n-benchmark.spec.ts:185:3 › I18n Performance Benchmarks › Dynamic I18n Loading Performance 

    Error: browserType.launch: Executable doesn't exist at /home/kade/.cache/ms-playwright/firefox-1490/firefox/firefox
    ╔═════════════════════════════════════════════════════════════════════════╗
    ║ Looks like Playwright Test or Playwright was just installed or updated. ║
    ║ Please run the following command to download new browsers:              ║
    ║                                                                         ║
    ║     pnpm exec playwright install                                        ║
    ║                                                                         ║
    ║ <3 Playwright Team                                                      ║
    ╚═════════════════════════════════════════════════════════════════════════╝

    TypeError: Cannot read properties of undefined (reading 'generateReport')

      441 |   test.afterAll(async () => {
      442 |     // Generate and save benchmark report
    > 443 |     const report = benchmarkRunner.generateReport();
          |                                    ^
      444 |     console.log('\n' + report);
      445 |     
      446 |     // Save report to file
        at /home/kade/runeset/reynard/e2e/i18n-benchmark.spec.ts:443:36

    attachment #1: trace (application/zip) ─────────────────────────────────────────────────────────
    i18n-benchmark-results/i18n-benchmark-I18n-Perfor-1d9a4-ic-I18n-Loading-Performance-firefox-performance/trace.zip
    Usage:

        pnpm exec playwright show-trace i18n-benchmark-results/i18n-benchmark-I18n-Perfor-1d9a4-ic-I18n-Loading-Performance-firefox-performance/trace.zip

    ────────────────────────────────────────────────────────────────────────────────────────────────
]]>
</failure>
<system-err>
<![CDATA[
Warning: attachment i18n-benchmark-results/i18n-benchmark-I18n-Perfor-1d9a4-ic-I18n-Loading-Performance-firefox-performance/trace.zip is missing]]>
</system-err>
</testcase>
<testcase name="I18n Performance Benchmarks › Language Switching Performance" classname="i18n-benchmark.spec.ts" time="0.002">
<failure message="i18n-benchmark.spec.ts:230:3 Language Switching Performance" type="FAILURE">
<![CDATA[  [firefox-performance] › i18n-benchmark.spec.ts:230:3 › I18n Performance Benchmarks › Language Switching Performance 

    Error: browserType.launch: Executable doesn't exist at /home/kade/.cache/ms-playwright/firefox-1490/firefox/firefox
    ╔═════════════════════════════════════════════════════════════════════════╗
    ║ Looks like Playwright Test or Playwright was just installed or updated. ║
    ║ Please run the following command to download new browsers:              ║
    ║                                                                         ║
    ║     pnpm exec playwright install                                        ║
    ║                                                                         ║
    ║ <3 Playwright Team                                                      ║
    ╚═════════════════════════════════════════════════════════════════════════╝

    TypeError: Cannot read properties of undefined (reading 'generateReport')

      441 |   test.afterAll(async () => {
      442 |     // Generate and save benchmark report
    > 443 |     const report = benchmarkRunner.generateReport();
          |                                    ^
      444 |     console.log('\n' + report);
      445 |     
      446 |     // Save report to file
        at /home/kade/runeset/reynard/e2e/i18n-benchmark.spec.ts:443:36

    attachment #1: trace (application/zip) ─────────────────────────────────────────────────────────
    i18n-benchmark-results/i18n-benchmark-I18n-Perfor-58c3e-guage-Switching-Performance-firefox-performance/trace.zip
    Usage:

        pnpm exec playwright show-trace i18n-benchmark-results/i18n-benchmark-I18n-Perfor-58c3e-guage-Switching-Performance-firefox-performance/trace.zip

    ────────────────────────────────────────────────────────────────────────────────────────────────
]]>
</failure>
<system-err>
<![CDATA[
Warning: attachment i18n-benchmark-results/i18n-benchmark-I18n-Perfor-58c3e-guage-Switching-Performance-firefox-performance/trace.zip is missing]]>
</system-err>
</testcase>
<testcase name="I18n Performance Benchmarks › Cached vs Uncached I18n Performance" classname="i18n-benchmark.spec.ts" time="0.002">
<failure message="i18n-benchmark.spec.ts:258:3 Cached vs Uncached I18n Performance" type="FAILURE">
<![CDATA[  [firefox-performance] › i18n-benchmark.spec.ts:258:3 › I18n Performance Benchmarks › Cached vs Uncached I18n Performance 

    Error: browserType.launch: Executable doesn't exist at /home/kade/.cache/ms-playwright/firefox-1490/firefox/firefox
    ╔═════════════════════════════════════════════════════════════════════════╗
    ║ Looks like Playwright Test or Playwright was just installed or updated. ║
    ║ Please run the following command to download new browsers:              ║
    ║                                                                         ║
    ║     pnpm exec playwright install                                        ║
    ║                                                                         ║
    ║ <3 Playwright Team                                                      ║
    ╚═════════════════════════════════════════════════════════════════════════╝

    TypeError: Cannot read properties of undefined (reading 'generateReport')

      441 |   test.afterAll(async () => {
      442 |     // Generate and save benchmark report
    > 443 |     const report = benchmarkRunner.generateReport();
          |                                    ^
      444 |     console.log('\n' + report);
      445 |     
      446 |     // Save report to file
        at /home/kade/runeset/reynard/e2e/i18n-benchmark.spec.ts:443:36

    attachment #1: trace (application/zip) ─────────────────────────────────────────────────────────
    i18n-benchmark-results/i18n-benchmark-I18n-Perfor-3e222-s-Uncached-I18n-Performance-firefox-performance/trace.zip
    Usage:

        pnpm exec playwright show-trace i18n-benchmark-results/i18n-benchmark-I18n-Perfor-3e222-s-Uncached-I18n-Performance-firefox-performance/trace.zip

    ────────────────────────────────────────────────────────────────────────────────────────────────
]]>
</failure>
<system-err>
<![CDATA[
Warning: attachment i18n-benchmark-results/i18n-benchmark-I18n-Perfor-3e222-s-Uncached-I18n-Performance-firefox-performance/trace.zip is missing]]>
</system-err>
</testcase>
<testcase name="I18n Performance Benchmarks › Memory Usage Comparison" classname="i18n-benchmark.spec.ts" time="0.003">
<failure message="i18n-benchmark.spec.ts:289:3 Memory Usage Comparison" type="FAILURE">
<![CDATA[  [firefox-performance] › i18n-benchmark.spec.ts:289:3 › I18n Performance Benchmarks › Memory Usage Comparison 

    Error: browserType.launch: Executable doesn't exist at /home/kade/.cache/ms-playwright/firefox-1490/firefox/firefox
    ╔═════════════════════════════════════════════════════════════════════════╗
    ║ Looks like Playwright Test or Playwright was just installed or updated. ║
    ║ Please run the following command to download new browsers:              ║
    ║                                                                         ║
    ║     pnpm exec playwright install                                        ║
    ║                                                                         ║
    ║ <3 Playwright Team                                                      ║
    ╚═════════════════════════════════════════════════════════════════════════╝

    TypeError: Cannot read properties of undefined (reading 'generateReport')

      441 |   test.afterAll(async () => {
      442 |     // Generate and save benchmark report
    > 443 |     const report = benchmarkRunner.generateReport();
          |                                    ^
      444 |     console.log('\n' + report);
      445 |     
      446 |     // Save report to file
        at /home/kade/runeset/reynard/e2e/i18n-benchmark.spec.ts:443:36

    attachment #1: trace (application/zip) ─────────────────────────────────────────────────────────
    i18n-benchmark-results/i18n-benchmark-I18n-Perfor-b4959-rks-Memory-Usage-Comparison-firefox-performance/trace.zip
    Usage:

        pnpm exec playwright show-trace i18n-benchmark-results/i18n-benchmark-I18n-Perfor-b4959-rks-Memory-Usage-Comparison-firefox-performance/trace.zip

    ────────────────────────────────────────────────────────────────────────────────────────────────
]]>
</failure>
<system-err>
<![CDATA[
Warning: attachment i18n-benchmark-results/i18n-benchmark-I18n-Perfor-b4959-rks-Memory-Usage-Comparison-firefox-performance/trace.zip is missing]]>
</system-err>
</testcase>
<testcase name="I18n Performance Benchmarks › Bundle Size Impact Analysis" classname="i18n-benchmark.spec.ts" time="0.004">
<failure message="i18n-benchmark.spec.ts:339:3 Bundle Size Impact Analysis" type="FAILURE">
<![CDATA[  [firefox-performance] › i18n-benchmark.spec.ts:339:3 › I18n Performance Benchmarks › Bundle Size Impact Analysis 

    Error: browserType.launch: Executable doesn't exist at /home/kade/.cache/ms-playwright/firefox-1490/firefox/firefox
    ╔═════════════════════════════════════════════════════════════════════════╗
    ║ Looks like Playwright Test or Playwright was just installed or updated. ║
    ║ Please run the following command to download new browsers:              ║
    ║                                                                         ║
    ║     pnpm exec playwright install                                        ║
    ║                                                                         ║
    ║ <3 Playwright Team                                                      ║
    ╚═════════════════════════════════════════════════════════════════════════╝

    TypeError: Cannot read properties of undefined (reading 'generateReport')

      441 |   test.afterAll(async () => {
      442 |     // Generate and save benchmark report
    > 443 |     const report = benchmarkRunner.generateReport();
          |                                    ^
      444 |     console.log('\n' + report);
      445 |     
      446 |     // Save report to file
        at /home/kade/runeset/reynard/e2e/i18n-benchmark.spec.ts:443:36

    attachment #1: trace (application/zip) ─────────────────────────────────────────────────────────
    i18n-benchmark-results/i18n-benchmark-I18n-Perfor-a7311-Bundle-Size-Impact-Analysis-firefox-performance/trace.zip
    Usage:

        pnpm exec playwright show-trace i18n-benchmark-results/i18n-benchmark-I18n-Perfor-a7311-Bundle-Size-Impact-Analysis-firefox-performance/trace.zip

    ────────────────────────────────────────────────────────────────────────────────────────────────
]]>
</failure>
<system-err>
<![CDATA[
Warning: attachment i18n-benchmark-results/i18n-benchmark-I18n-Perfor-a7311-Bundle-Size-Impact-Analysis-firefox-performance/trace.zip is missing]]>
</system-err>
</testcase>
<testcase name="I18n Performance Benchmarks › RTL Language Performance" classname="i18n-benchmark.spec.ts" time="0.003">
<failure message="i18n-benchmark.spec.ts:368:3 RTL Language Performance" type="FAILURE">
<![CDATA[  [firefox-performance] › i18n-benchmark.spec.ts:368:3 › I18n Performance Benchmarks › RTL Language Performance 

    Error: browserType.launch: Executable doesn't exist at /home/kade/.cache/ms-playwright/firefox-1490/firefox/firefox
    ╔═════════════════════════════════════════════════════════════════════════╗
    ║ Looks like Playwright Test or Playwright was just installed or updated. ║
    ║ Please run the following command to download new browsers:              ║
    ║                                                                         ║
    ║     pnpm exec playwright install                                        ║
    ║                                                                         ║
    ║ <3 Playwright Team                                                      ║
    ╚═════════════════════════════════════════════════════════════════════════╝

    TypeError: Cannot read properties of undefined (reading 'generateReport')

      441 |   test.afterAll(async () => {
      442 |     // Generate and save benchmark report
    > 443 |     const report = benchmarkRunner.generateReport();
          |                                    ^
      444 |     console.log('\n' + report);
      445 |     
      446 |     // Save report to file
        at /home/kade/runeset/reynard/e2e/i18n-benchmark.spec.ts:443:36

    attachment #1: trace (application/zip) ─────────────────────────────────────────────────────────
    i18n-benchmark-results/i18n-benchmark-I18n-Perfor-86ab2-ks-RTL-Language-Performance-firefox-performance/trace.zip
    Usage:

        pnpm exec playwright show-trace i18n-benchmark-results/i18n-benchmark-I18n-Perfor-86ab2-ks-RTL-Language-Performance-firefox-performance/trace.zip

    ────────────────────────────────────────────────────────────────────────────────────────────────
]]>
</failure>
<system-err>
<![CDATA[
Warning: attachment i18n-benchmark-results/i18n-benchmark-I18n-Perfor-86ab2-ks-RTL-Language-Performance-firefox-performance/trace.zip is missing]]>
</system-err>
</testcase>
<testcase name="I18n Performance Benchmarks › Pluralization Performance" classname="i18n-benchmark.spec.ts" time="0.003">
<failure message="i18n-benchmark.spec.ts:397:3 Pluralization Performance" type="FAILURE">
<![CDATA[  [firefox-performance] › i18n-benchmark.spec.ts:397:3 › I18n Performance Benchmarks › Pluralization Performance 

    Error: browserType.launch: Executable doesn't exist at /home/kade/.cache/ms-playwright/firefox-1490/firefox/firefox
    ╔═════════════════════════════════════════════════════════════════════════╗
    ║ Looks like Playwright Test or Playwright was just installed or updated. ║
    ║ Please run the following command to download new browsers:              ║
    ║                                                                         ║
    ║     pnpm exec playwright install                                        ║
    ║                                                                         ║
    ║ <3 Playwright Team                                                      ║
    ╚═════════════════════════════════════════════════════════════════════════╝

    TypeError: Cannot read properties of undefined (reading 'generateReport')

      441 |   test.afterAll(async () => {
      442 |     // Generate and save benchmark report
    > 443 |     const report = benchmarkRunner.generateReport();
          |                                    ^
      444 |     console.log('\n' + report);
      445 |     
      446 |     // Save report to file
        at /home/kade/runeset/reynard/e2e/i18n-benchmark.spec.ts:443:36

    attachment #1: trace (application/zip) ─────────────────────────────────────────────────────────
    i18n-benchmark-results/i18n-benchmark-I18n-Perfor-84660-s-Pluralization-Performance-firefox-performance/trace.zip
    Usage:

        pnpm exec playwright show-trace i18n-benchmark-results/i18n-benchmark-I18n-Perfor-84660-s-Pluralization-Performance-firefox-performance/trace.zip

    ────────────────────────────────────────────────────────────────────────────────────────────────
]]>
</failure>
<system-err>
<![CDATA[
Warning: attachment i18n-benchmark-results/i18n-benchmark-I18n-Perfor-84660-s-Pluralization-Performance-firefox-performance/trace.zip is missing]]>
</system-err>
</testcase>
</testsuite>
<testsuite name="i18n-benchmark.spec.ts" timestamp="2025-09-14T23:37:58.616Z" hostname="webkit-performance" tests="8" failures="8" skipped="0" time="0.019" errors="0">
<testcase name="I18n Performance Benchmarks › Hardcoded Strings Baseline Performance" classname="i18n-benchmark.spec.ts" time="0.002">
<failure message="i18n-benchmark.spec.ts:153:3 Hardcoded Strings Baseline Performance" type="FAILURE">
<![CDATA[  [webkit-performance] › i18n-benchmark.spec.ts:153:3 › I18n Performance Benchmarks › Hardcoded Strings Baseline Performance 

    Error: browserType.launch: Executable doesn't exist at /home/kade/.cache/ms-playwright/webkit_ubuntu20.04_x64_special-2092/pw_run.sh
    ╔═════════════════════════════════════════════════════════════════════════╗
    ║ Looks like Playwright Test or Playwright was just installed or updated. ║
    ║ Please run the following command to download new browsers:              ║
    ║                                                                         ║
    ║     pnpm exec playwright install                                        ║
    ║                                                                         ║
    ║ <3 Playwright Team                                                      ║
    ╚═════════════════════════════════════════════════════════════════════════╝

    TypeError: Cannot read properties of undefined (reading 'generateReport')

      441 |   test.afterAll(async () => {
      442 |     // Generate and save benchmark report
    > 443 |     const report = benchmarkRunner.generateReport();
          |                                    ^
      444 |     console.log('\n' + report);
      445 |     
      446 |     // Save report to file
        at /home/kade/runeset/reynard/e2e/i18n-benchmark.spec.ts:443:36

    attachment #1: trace (application/zip) ─────────────────────────────────────────────────────────
    i18n-benchmark-results/i18n-benchmark-I18n-Perfor-a746e-trings-Baseline-Performance-webkit-performance/trace.zip
    Usage:

        pnpm exec playwright show-trace i18n-benchmark-results/i18n-benchmark-I18n-Perfor-a746e-trings-Baseline-Performance-webkit-performance/trace.zip

    ────────────────────────────────────────────────────────────────────────────────────────────────
]]>
</failure>
<system-err>
<![CDATA[
Warning: attachment i18n-benchmark-results/i18n-benchmark-I18n-Perfor-a746e-trings-Baseline-Performance-webkit-performance/trace.zip is missing]]>
</system-err>
</testcase>
<testcase name="I18n Performance Benchmarks › Dynamic I18n Loading Performance" classname="i18n-benchmark.spec.ts" time="0.002">
<failure message="i18n-benchmark.spec.ts:185:3 Dynamic I18n Loading Performance" type="FAILURE">
<![CDATA[  [webkit-performance] › i18n-benchmark.spec.ts:185:3 › I18n Performance Benchmarks › Dynamic I18n Loading Performance 

    Error: browserType.launch: Executable doesn't exist at /home/kade/.cache/ms-playwright/webkit_ubuntu20.04_x64_special-2092/pw_run.sh
    ╔═════════════════════════════════════════════════════════════════════════╗
    ║ Looks like Playwright Test or Playwright was just installed or updated. ║
    ║ Please run the following command to download new browsers:              ║
    ║                                                                         ║
    ║     pnpm exec playwright install                                        ║
    ║                                                                         ║
    ║ <3 Playwright Team                                                      ║
    ╚═════════════════════════════════════════════════════════════════════════╝

    TypeError: Cannot read properties of undefined (reading 'generateReport')

      441 |   test.afterAll(async () => {
      442 |     // Generate and save benchmark report
    > 443 |     const report = benchmarkRunner.generateReport();
          |                                    ^
      444 |     console.log('\n' + report);
      445 |     
      446 |     // Save report to file
        at /home/kade/runeset/reynard/e2e/i18n-benchmark.spec.ts:443:36

    attachment #1: trace (application/zip) ─────────────────────────────────────────────────────────
    i18n-benchmark-results/i18n-benchmark-I18n-Perfor-1d9a4-ic-I18n-Loading-Performance-webkit-performance/trace.zip
    Usage:

        pnpm exec playwright show-trace i18n-benchmark-results/i18n-benchmark-I18n-Perfor-1d9a4-ic-I18n-Loading-Performance-webkit-performance/trace.zip

    ────────────────────────────────────────────────────────────────────────────────────────────────
]]>
</failure>
<system-err>
<![CDATA[
Warning: attachment i18n-benchmark-results/i18n-benchmark-I18n-Perfor-1d9a4-ic-I18n-Loading-Performance-webkit-performance/trace.zip is missing]]>
</system-err>
</testcase>
<testcase name="I18n Performance Benchmarks › Language Switching Performance" classname="i18n-benchmark.spec.ts" time="0.003">
<failure message="i18n-benchmark.spec.ts:230:3 Language Switching Performance" type="FAILURE">
<![CDATA[  [webkit-performance] › i18n-benchmark.spec.ts:230:3 › I18n Performance Benchmarks › Language Switching Performance 

    Error: browserType.launch: Executable doesn't exist at /home/kade/.cache/ms-playwright/webkit_ubuntu20.04_x64_special-2092/pw_run.sh
    ╔═════════════════════════════════════════════════════════════════════════╗
    ║ Looks like Playwright Test or Playwright was just installed or updated. ║
    ║ Please run the following command to download new browsers:              ║
    ║                                                                         ║
    ║     pnpm exec playwright install                                        ║
    ║                                                                         ║
    ║ <3 Playwright Team                                                      ║
    ╚═════════════════════════════════════════════════════════════════════════╝

    TypeError: Cannot read properties of undefined (reading 'generateReport')

      441 |   test.afterAll(async () => {
      442 |     // Generate and save benchmark report
    > 443 |     const report = benchmarkRunner.generateReport();
          |                                    ^
      444 |     console.log('\n' + report);
      445 |     
      446 |     // Save report to file
        at /home/kade/runeset/reynard/e2e/i18n-benchmark.spec.ts:443:36

    attachment #1: trace (application/zip) ─────────────────────────────────────────────────────────
    i18n-benchmark-results/i18n-benchmark-I18n-Perfor-58c3e-guage-Switching-Performance-webkit-performance/trace.zip
    Usage:

        pnpm exec playwright show-trace i18n-benchmark-results/i18n-benchmark-I18n-Perfor-58c3e-guage-Switching-Performance-webkit-performance/trace.zip

    ────────────────────────────────────────────────────────────────────────────────────────────────
]]>
</failure>
<system-err>
<![CDATA[
Warning: attachment i18n-benchmark-results/i18n-benchmark-I18n-Perfor-58c3e-guage-Switching-Performance-webkit-performance/trace.zip is missing]]>
</system-err>
</testcase>
<testcase name="I18n Performance Benchmarks › Cached vs Uncached I18n Performance" classname="i18n-benchmark.spec.ts" time="0.002">
<failure message="i18n-benchmark.spec.ts:258:3 Cached vs Uncached I18n Performance" type="FAILURE">
<![CDATA[  [webkit-performance] › i18n-benchmark.spec.ts:258:3 › I18n Performance Benchmarks › Cached vs Uncached I18n Performance 

    Error: browserType.launch: Executable doesn't exist at /home/kade/.cache/ms-playwright/webkit_ubuntu20.04_x64_special-2092/pw_run.sh
    ╔═════════════════════════════════════════════════════════════════════════╗
    ║ Looks like Playwright Test or Playwright was just installed or updated. ║
    ║ Please run the following command to download new browsers:              ║
    ║                                                                         ║
    ║     pnpm exec playwright install                                        ║
    ║                                                                         ║
    ║ <3 Playwright Team                                                      ║
    ╚═════════════════════════════════════════════════════════════════════════╝

    TypeError: Cannot read properties of undefined (reading 'generateReport')

      441 |   test.afterAll(async () => {
      442 |     // Generate and save benchmark report
    > 443 |     const report = benchmarkRunner.generateReport();
          |                                    ^
      444 |     console.log('\n' + report);
      445 |     
      446 |     // Save report to file
        at /home/kade/runeset/reynard/e2e/i18n-benchmark.spec.ts:443:36

    attachment #1: trace (application/zip) ─────────────────────────────────────────────────────────
    i18n-benchmark-results/i18n-benchmark-I18n-Perfor-3e222-s-Uncached-I18n-Performance-webkit-performance/trace.zip
    Usage:

        pnpm exec playwright show-trace i18n-benchmark-results/i18n-benchmark-I18n-Perfor-3e222-s-Uncached-I18n-Performance-webkit-performance/trace.zip

    ────────────────────────────────────────────────────────────────────────────────────────────────
]]>
</failure>
<system-err>
<![CDATA[
Warning: attachment i18n-benchmark-results/i18n-benchmark-I18n-Perfor-3e222-s-Uncached-I18n-Performance-webkit-performance/trace.zip is missing]]>
</system-err>
</testcase>
<testcase name="I18n Performance Benchmarks › Memory Usage Comparison" classname="i18n-benchmark.spec.ts" time="0.003">
<failure message="i18n-benchmark.spec.ts:289:3 Memory Usage Comparison" type="FAILURE">
<![CDATA[  [webkit-performance] › i18n-benchmark.spec.ts:289:3 › I18n Performance Benchmarks › Memory Usage Comparison 

    Error: browserType.launch: Executable doesn't exist at /home/kade/.cache/ms-playwright/webkit_ubuntu20.04_x64_special-2092/pw_run.sh
    ╔═════════════════════════════════════════════════════════════════════════╗
    ║ Looks like Playwright Test or Playwright was just installed or updated. ║
    ║ Please run the following command to download new browsers:              ║
    ║                                                                         ║
    ║     pnpm exec playwright install                                        ║
    ║                                                                         ║
    ║ <3 Playwright Team                                                      ║
    ╚═════════════════════════════════════════════════════════════════════════╝

    TypeError: Cannot read properties of undefined (reading 'generateReport')

      441 |   test.afterAll(async () => {
      442 |     // Generate and save benchmark report
    > 443 |     const report = benchmarkRunner.generateReport();
          |                                    ^
      444 |     console.log('\n' + report);
      445 |     
      446 |     // Save report to file
        at /home/kade/runeset/reynard/e2e/i18n-benchmark.spec.ts:443:36

    attachment #1: trace (application/zip) ─────────────────────────────────────────────────────────
    i18n-benchmark-results/i18n-benchmark-I18n-Perfor-b4959-rks-Memory-Usage-Comparison-webkit-performance/trace.zip
    Usage:

        pnpm exec playwright show-trace i18n-benchmark-results/i18n-benchmark-I18n-Perfor-b4959-rks-Memory-Usage-Comparison-webkit-performance/trace.zip

    ────────────────────────────────────────────────────────────────────────────────────────────────
]]>
</failure>
<system-err>
<![CDATA[
Warning: attachment i18n-benchmark-results/i18n-benchmark-I18n-Perfor-b4959-rks-Memory-Usage-Comparison-webkit-performance/trace.zip is missing]]>
</system-err>
</testcase>
<testcase name="I18n Performance Benchmarks › Bundle Size Impact Analysis" classname="i18n-benchmark.spec.ts" time="0.002">
<failure message="i18n-benchmark.spec.ts:339:3 Bundle Size Impact Analysis" type="FAILURE">
<![CDATA[  [webkit-performance] › i18n-benchmark.spec.ts:339:3 › I18n Performance Benchmarks › Bundle Size Impact Analysis 

    Error: browserType.launch: Executable doesn't exist at /home/kade/.cache/ms-playwright/webkit_ubuntu20.04_x64_special-2092/pw_run.sh
    ╔═════════════════════════════════════════════════════════════════════════╗
    ║ Looks like Playwright Test or Playwright was just installed or updated. ║
    ║ Please run the following command to download new browsers:              ║
    ║                                                                         ║
    ║     pnpm exec playwright install                                        ║
    ║                                                                         ║
    ║ <3 Playwright Team                                                      ║
    ╚═════════════════════════════════════════════════════════════════════════╝

    TypeError: Cannot read properties of undefined (reading 'generateReport')

      441 |   test.afterAll(async () => {
      442 |     // Generate and save benchmark report
    > 443 |     const report = benchmarkRunner.generateReport();
          |                                    ^
      444 |     console.log('\n' + report);
      445 |     
      446 |     // Save report to file
        at /home/kade/runeset/reynard/e2e/i18n-benchmark.spec.ts:443:36

    attachment #1: trace (application/zip) ─────────────────────────────────────────────────────────
    i18n-benchmark-results/i18n-benchmark-I18n-Perfor-a7311-Bundle-Size-Impact-Analysis-webkit-performance/trace.zip
    Usage:

        pnpm exec playwright show-trace i18n-benchmark-results/i18n-benchmark-I18n-Perfor-a7311-Bundle-Size-Impact-Analysis-webkit-performance/trace.zip

    ────────────────────────────────────────────────────────────────────────────────────────────────
]]>
</failure>
<system-err>
<![CDATA[
Warning: attachment i18n-benchmark-results/i18n-benchmark-I18n-Perfor-a7311-Bundle-Size-Impact-Analysis-webkit-performance/trace.zip is missing]]>
</system-err>
</testcase>
<testcase name="I18n Performance Benchmarks › RTL Language Performance" classname="i18n-benchmark.spec.ts" time="0.002">
<failure message="i18n-benchmark.spec.ts:368:3 RTL Language Performance" type="FAILURE">
<![CDATA[  [webkit-performance] › i18n-benchmark.spec.ts:368:3 › I18n Performance Benchmarks › RTL Language Performance 

    Error: browserType.launch: Executable doesn't exist at /home/kade/.cache/ms-playwright/webkit_ubuntu20.04_x64_special-2092/pw_run.sh
    ╔═════════════════════════════════════════════════════════════════════════╗
    ║ Looks like Playwright Test or Playwright was just installed or updated. ║
    ║ Please run the following command to download new browsers:              ║
    ║                                                                         ║
    ║     pnpm exec playwright install                                        ║
    ║                                                                         ║
    ║ <3 Playwright Team                                                      ║
    ╚═════════════════════════════════════════════════════════════════════════╝

    TypeError: Cannot read properties of undefined (reading 'generateReport')

      441 |   test.afterAll(async () => {
      442 |     // Generate and save benchmark report
    > 443 |     const report = benchmarkRunner.generateReport();
          |                                    ^
      444 |     console.log('\n' + report);
      445 |     
      446 |     // Save report to file
        at /home/kade/runeset/reynard/e2e/i18n-benchmark.spec.ts:443:36

    attachment #1: trace (application/zip) ─────────────────────────────────────────────────────────
    i18n-benchmark-results/i18n-benchmark-I18n-Perfor-86ab2-ks-RTL-Language-Performance-webkit-performance/trace.zip
    Usage:

        pnpm exec playwright show-trace i18n-benchmark-results/i18n-benchmark-I18n-Perfor-86ab2-ks-RTL-Language-Performance-webkit-performance/trace.zip

    ────────────────────────────────────────────────────────────────────────────────────────────────
]]>
</failure>
<system-err>
<![CDATA[
Warning: attachment i18n-benchmark-results/i18n-benchmark-I18n-Perfor-86ab2-ks-RTL-Language-Performance-webkit-performance/trace.zip is missing]]>
</system-err>
</testcase>
<testcase name="I18n Performance Benchmarks › Pluralization Performance" classname="i18n-benchmark.spec.ts" time="0.003">
<failure message="i18n-benchmark.spec.ts:397:3 Pluralization Performance" type="FAILURE">
<![CDATA[  [webkit-performance] › i18n-benchmark.spec.ts:397:3 › I18n Performance Benchmarks › Pluralization Performance 

    Error: browserType.launch: Executable doesn't exist at /home/kade/.cache/ms-playwright/webkit_ubuntu20.04_x64_special-2092/pw_run.sh
    ╔═════════════════════════════════════════════════════════════════════════╗
    ║ Looks like Playwright Test or Playwright was just installed or updated. ║
    ║ Please run the following command to download new browsers:              ║
    ║                                                                         ║
    ║     pnpm exec playwright install                                        ║
    ║                                                                         ║
    ║ <3 Playwright Team                                                      ║
    ╚═════════════════════════════════════════════════════════════════════════╝

    TypeError: Cannot read properties of undefined (reading 'generateReport')

      441 |   test.afterAll(async () => {
      442 |     // Generate and save benchmark report
    > 443 |     const report = benchmarkRunner.generateReport();
          |                                    ^
      444 |     console.log('\n' + report);
      445 |     
      446 |     // Save report to file
        at /home/kade/runeset/reynard/e2e/i18n-benchmark.spec.ts:443:36

    attachment #1: trace (application/zip) ─────────────────────────────────────────────────────────
    i18n-benchmark-results/i18n-benchmark-I18n-Perfor-84660-s-Pluralization-Performance-webkit-performance/trace.zip
    Usage:

        pnpm exec playwright show-trace i18n-benchmark-results/i18n-benchmark-I18n-Perfor-84660-s-Pluralization-Performance-webkit-performance/trace.zip

    ────────────────────────────────────────────────────────────────────────────────────────────────
]]>
</failure>
<system-err>
<![CDATA[
Warning: attachment i18n-benchmark-results/i18n-benchmark-I18n-Perfor-84660-s-Pluralization-Performance-webkit-performance/trace.zip is missing]]>
</system-err>
</testcase>
</testsuite>
</testsuites>